<?xml version="1.0" encoding="UTF-8"?>
<testng-results ignored="0" total="1" passed="1" failed="0" skipped="0">
  <reporter-output>
  </reporter-output>
  <suite started-at="2023-04-30T13:03:36 GMT-04:00" name="Default suite" finished-at="2023-04-30T13:03:37 GMT-04:00" duration-ms="1091">
    <groups>
    </groups>
    <test started-at="2023-04-30T13:03:36 GMT-04:00" name="Default test" finished-at="2023-04-30T13:03:37 GMT-04:00" duration-ms="1091">
      <class name="com.qa.tests.postApiTest">
        <test-method is-config="true" signature="setUp()[pri:0, instance:com.qa.tests.postApiTest@35aea049]" started-at="2023-04-30T13:03:36 GMT-04:00" name="setUp" finished-at="2023-04-30T13:03:36 GMT-04:00" duration-ms="8" status="PASS">
          <reporter-output>
          </reporter-output>
        </test-method> <!-- setUp -->
        <test-method signature="postAPITest()[pri:0, instance:com.qa.tests.postApiTest@35aea049]" started-at="2023-04-30T13:03:36 GMT-04:00" name="postAPITest" finished-at="2023-04-30T13:03:37 GMT-04:00" duration-ms="1040" status="PASS">
          <reporter-output>
          </reporter-output>
        </test-method> <!-- postAPITest -->
      </class> <!-- com.qa.tests.postApiTest -->
    </test> <!-- Default test -->
  </suite> <!-- Default suite -->
</testng-results>
